{"/Users/user/Desktop/Lang/migrations/cac-js/src/cac.js": {"path":"/Users/user/Desktop/Lang/migrations/cac-js/src/cac.js","statementMap":{"0":{"start":{"line":40,"column":4},"end":{"line":40,"column":null}},"1":{"start":{"line":41,"column":4},"end":{"line":41,"column":null}},"2":{"start":{"line":42,"column":4},"end":{"line":42,"column":null}},"3":{"start":{"line":43,"column":4},"end":{"line":43,"column":null}},"4":{"start":{"line":44,"column":4},"end":{"line":44,"column":null}},"5":{"start":{"line":45,"column":4},"end":{"line":45,"column":null}},"6":{"start":{"line":46,"column":4},"end":{"line":46,"column":null}},"7":{"start":{"line":47,"column":4},"end":{"line":47,"column":null}},"8":{"start":{"line":56,"column":4},"end":{"line":56,"column":null}},"9":{"start":{"line":57,"column":4},"end":{"line":57,"column":null}},"10":{"start":{"line":64,"column":20},"end":{"line":64,"column":null}},"11":{"start":{"line":65,"column":4},"end":{"line":65,"column":null}},"12":{"start":{"line":66,"column":4},"end":{"line":66,"column":null}},"13":{"start":{"line":67,"column":4},"end":{"line":67,"column":null}},"14":{"start":{"line":76,"column":4},"end":{"line":76,"column":null}},"15":{"start":{"line":77,"column":4},"end":{"line":77,"column":null}},"16":{"start":{"line":85,"column":4},"end":{"line":85,"column":null}},"17":{"start":{"line":86,"column":4},"end":{"line":86,"column":null}},"18":{"start":{"line":87,"column":4},"end":{"line":87,"column":null}},"19":{"start":{"line":88,"column":4},"end":{"line":88,"column":null}},"20":{"start":{"line":96,"column":4},"end":{"line":96,"column":null}},"21":{"start":{"line":97,"column":4},"end":{"line":97,"column":null}},"22":{"start":{"line":98,"column":4},"end":{"line":98,"column":null}},"23":{"start":{"line":107,"column":4},"end":{"line":107,"column":null}},"24":{"start":{"line":108,"column":4},"end":{"line":108,"column":null}},"25":{"start":{"line":118,"column":4},"end":{"line":122,"column":null}},"26":{"start":{"line":119,"column":6},"end":{"line":119,"column":null}},"27":{"start":{"line":121,"column":6},"end":{"line":121,"column":null}},"28":{"start":{"line":130,"column":4},"end":{"line":130,"column":null}},"29":{"start":{"line":134,"column":4},"end":{"line":134,"column":null}},"30":{"start":{"line":135,"column":4},"end":{"line":135,"column":null}},"31":{"start":{"line":136,"column":4},"end":{"line":138,"column":null}},"32":{"start":{"line":137,"column":6},"end":{"line":137,"column":null}},"33":{"start":{"line":139,"column":4},"end":{"line":141,"column":null}},"34":{"start":{"line":140,"column":6},"end":{"line":140,"column":null}},"35":{"start":{"line":142,"column":4},"end":{"line":142,"column":null}},"36":{"start":{"line":146,"column":4},"end":{"line":146,"column":null}},"37":{"start":{"line":147,"column":4},"end":{"line":147,"column":null}},"38":{"start":{"line":154,"column":4},"end":{"line":161,"column":null}},"39":{"start":{"line":155,"column":6},"end":{"line":159,"column":null}},"40":{"start":{"line":156,"column":8},"end":{"line":158,"column":null}},"41":{"start":{"line":160,"column":6},"end":{"line":160,"column":null}},"42":{"start":{"line":163,"column":4},"end":{"line":163,"column":null}},"43":{"start":{"line":164,"column":4},"end":{"line":166,"column":null}},"44":{"start":{"line":165,"column":6},"end":{"line":165,"column":null}},"45":{"start":{"line":168,"column":22},"end":{"line":168,"column":null}},"46":{"start":{"line":171,"column":4},"end":{"line":186,"column":null}},"47":{"start":{"line":172,"column":21},"end":{"line":172,"column":null}},"48":{"start":{"line":174,"column":26},"end":{"line":174,"column":null}},"49":{"start":{"line":175,"column":6},"end":{"line":185,"column":null}},"50":{"start":{"line":176,"column":8},"end":{"line":176,"column":null}},"51":{"start":{"line":177,"column":27},"end":{"line":180,"column":null}},"52":{"start":{"line":181,"column":8},"end":{"line":181,"column":null}},"53":{"start":{"line":182,"column":8},"end":{"line":184,"column":null}},"54":{"start":{"line":188,"column":4},"end":{"line":198,"column":null}},"55":{"start":{"line":190,"column":6},"end":{"line":197,"column":null}},"56":{"start":{"line":191,"column":8},"end":{"line":196,"column":null}},"57":{"start":{"line":192,"column":10},"end":{"line":192,"column":null}},"58":{"start":{"line":193,"column":25},"end":{"line":193,"column":null}},"59":{"start":{"line":194,"column":10},"end":{"line":194,"column":null}},"60":{"start":{"line":195,"column":10},"end":{"line":195,"column":null}},"61":{"start":{"line":200,"column":4},"end":{"line":203,"column":null}},"62":{"start":{"line":201,"column":21},"end":{"line":201,"column":null}},"63":{"start":{"line":202,"column":6},"end":{"line":202,"column":null}},"64":{"start":{"line":205,"column":4},"end":{"line":209,"column":null}},"65":{"start":{"line":206,"column":6},"end":{"line":206,"column":null}},"66":{"start":{"line":207,"column":6},"end":{"line":207,"column":null}},"67":{"start":{"line":208,"column":6},"end":{"line":208,"column":null}},"68":{"start":{"line":211,"column":4},"end":{"line":219,"column":null}},"69":{"start":{"line":216,"column":6},"end":{"line":216,"column":null}},"70":{"start":{"line":217,"column":6},"end":{"line":217,"column":null}},"71":{"start":{"line":218,"column":6},"end":{"line":218,"column":null}},"72":{"start":{"line":221,"column":23},"end":{"line":221,"column":null}},"73":{"start":{"line":223,"column":4},"end":{"line":225,"column":null}},"74":{"start":{"line":224,"column":6},"end":{"line":224,"column":null}},"75":{"start":{"line":227,"column":4},"end":{"line":229,"column":null}},"76":{"start":{"line":228,"column":6},"end":{"line":228,"column":null}},"77":{"start":{"line":231,"column":4},"end":{"line":231,"column":null}},"78":{"start":{"line":236,"column":23},"end":{"line":239,"column":null}},"79":{"start":{"line":240,"column":23},"end":{"line":240,"column":null}},"80":{"start":{"line":243,"column":32},"end":{"line":243,"column":null}},"81":{"start":{"line":244,"column":30},"end":{"line":244,"column":null}},"82":{"start":{"line":245,"column":4},"end":{"line":248,"column":null}},"83":{"start":{"line":246,"column":6},"end":{"line":246,"column":null}},"84":{"start":{"line":247,"column":6},"end":{"line":247,"column":null}},"85":{"start":{"line":250,"column":17},"end":{"line":250,"column":null}},"86":{"start":{"line":251,"column":4},"end":{"line":259,"column":null}},"87":{"start":{"line":253,"column":8},"end":{"line":256,"column":null}},"88":{"start":{"line":261,"column":17},"end":{"line":261,"column":null}},"89":{"start":{"line":263,"column":20},"end":{"line":265,"column":null}},"90":{"start":{"line":269,"column":6},"end":{"line":271,"column":null}},"91":{"start":{"line":273,"column":23},"end":{"line":273,"column":null}},"92":{"start":{"line":275,"column":4},"end":{"line":292,"column":null}},"93":{"start":{"line":276,"column":6},"end":{"line":280,"column":null}},"94":{"start":{"line":277,"column":8},"end":{"line":279,"column":null}},"95":{"start":{"line":278,"column":10},"end":{"line":278,"column":null}},"96":{"start":{"line":283,"column":6},"end":{"line":291,"column":null}},"97":{"start":{"line":287,"column":8},"end":{"line":287,"column":null}},"98":{"start":{"line":289,"column":8},"end":{"line":289,"column":null}},"99":{"start":{"line":290,"column":8},"end":{"line":290,"column":null}},"100":{"start":{"line":295,"column":4},"end":{"line":301,"column":null}},"101":{"start":{"line":296,"column":6},"end":{"line":300,"column":null}},"102":{"start":{"line":297,"column":21},"end":{"line":297,"column":null}},"103":{"start":{"line":298,"column":8},"end":{"line":298,"column":null}},"104":{"start":{"line":299,"column":8},"end":{"line":299,"column":null}},"105":{"start":{"line":303,"column":4},"end":{"line":306,"column":null}},"106":{"start":{"line":310,"column":55},"end":{"line":310,"column":null}},"107":{"start":{"line":312,"column":4},"end":{"line":312,"column":null}},"108":{"start":{"line":312,"column":44},"end":{"line":312,"column":null}},"109":{"start":{"line":314,"column":4},"end":{"line":314,"column":null}},"110":{"start":{"line":316,"column":4},"end":{"line":316,"column":null}},"111":{"start":{"line":318,"column":4},"end":{"line":318,"column":null}},"112":{"start":{"line":320,"column":4},"end":{"line":320,"column":null}},"113":{"start":{"line":322,"column":23},"end":{"line":322,"column":null}},"114":{"start":{"line":323,"column":4},"end":{"line":329,"column":null}},"115":{"start":{"line":324,"column":6},"end":{"line":328,"column":null}},"116":{"start":{"line":325,"column":8},"end":{"line":325,"column":null}},"117":{"start":{"line":327,"column":8},"end":{"line":327,"column":null}},"118":{"start":{"line":330,"column":4},"end":{"line":330,"column":null}},"119":{"start":{"line":331,"column":4},"end":{"line":331,"column":null}}},"fnMap":{"0":{"name":"constructor","decl":{"start":{"line":39,"column":2},"end":{"line":39,"column":13}},"loc":{"start":{"line":39,"column":25},"end":{"line":48,"column":null}},"line":39},"1":{"name":"usage","decl":{"start":{"line":55,"column":2},"end":{"line":55,"column":7}},"loc":{"start":{"line":55,"column":14},"end":{"line":58,"column":null}},"line":55},"2":{"name":"command","decl":{"start":{"line":63,"column":2},"end":{"line":63,"column":9}},"loc":{"start":{"line":63,"column":40},"end":{"line":68,"column":null}},"line":63},"3":{"name":"option","decl":{"start":{"line":75,"column":2},"end":{"line":75,"column":8}},"loc":{"start":{"line":75,"column":39},"end":{"line":78,"column":null}},"line":75},"4":{"name":"help","decl":{"start":{"line":84,"column":2},"end":{"line":84,"column":6}},"loc":{"start":{"line":84,"column":17},"end":{"line":89,"column":null}},"line":84},"5":{"name":"version","decl":{"start":{"line":95,"column":2},"end":{"line":95,"column":9}},"loc":{"start":{"line":95,"column":50},"end":{"line":99,"column":null}},"line":95},"6":{"name":"example","decl":{"start":{"line":106,"column":2},"end":{"line":106,"column":9}},"loc":{"start":{"line":106,"column":19},"end":{"line":109,"column":null}},"line":106},"7":{"name":"outputHelp","decl":{"start":{"line":117,"column":2},"end":{"line":117,"column":12}},"loc":{"start":{"line":117,"column":15},"end":{"line":123,"column":null}},"line":117},"8":{"name":"outputVersion","decl":{"start":{"line":129,"column":2},"end":{"line":129,"column":15}},"loc":{"start":{"line":129,"column":18},"end":{"line":131,"column":null}},"line":129},"9":{"name":"setParsedInfo","decl":{"start":{"line":133,"column":2},"end":{"line":133,"column":15}},"loc":{"start":{"line":133,"column":71},"end":{"line":143,"column":null}},"line":133},"10":{"name":"unsetMatchedCommand","decl":{"start":{"line":145,"column":2},"end":{"line":145,"column":21}},"loc":{"start":{"line":145,"column":24},"end":{"line":148,"column":null}},"line":145},"11":{"name":"parse","decl":{"start":{"line":153,"column":2},"end":{"line":153,"column":7}},"loc":{"start":{"line":153,"column":35},"end":{"line":232,"column":null}},"line":153},"12":{"name":"mri","decl":{"start":{"line":234,"column":2},"end":{"line":234,"column":5}},"loc":{"start":{"line":234,"column":44},"end":{"line":307,"column":null}},"line":234},"13":{"name":"(anonymous_13)","decl":{"start":{"line":252,"column":6},"end":{"line":252,"column":7}},"loc":{"start":{"line":252,"column":21},"end":{"line":257,"column":7}},"line":252},"14":{"name":"runMatchedCommand","decl":{"start":{"line":309,"column":2},"end":{"line":309,"column":19}},"loc":{"start":{"line":309,"column":22},"end":{"line":332,"column":null}},"line":309},"15":{"name":"(anonymous_15)","decl":{"start":{"line":323,"column":25},"end":{"line":323,"column":26}},"loc":{"start":{"line":323,"column":41},"end":{"line":329,"column":5}},"line":323}},"branchMap":{"0":{"loc":{"start":{"line":39,"column":14},"end":{"line":39,"column":23}},"type":"default-arg","locations":[{"start":{"line":39,"column":21},"end":{"line":39,"column":23}}],"line":39},"1":{"loc":{"start":{"line":64,"column":41},"end":{"line":64,"column":58}},"type":"binary-expr","locations":[{"start":{"line":64,"column":41},"end":{"line":64,"column":52}},{"start":{"line":64,"column":56},"end":{"line":64,"column":58}}],"line":64},"2":{"loc":{"start":{"line":95,"column":19},"end":{"line":95,"column":48}},"type":"default-arg","locations":[{"start":{"line":95,"column":33},"end":{"line":95,"column":48}}],"line":95},"3":{"loc":{"start":{"line":118,"column":4},"end":{"line":122,"column":null}},"type":"if","locations":[{"start":{"line":118,"column":4},"end":{"line":122,"column":null}},{"start":{"line":120,"column":11},"end":{"line":122,"column":null}}],"line":118},"4":{"loc":{"start":{"line":136,"column":4},"end":{"line":138,"column":null}},"type":"if","locations":[{"start":{"line":136,"column":4},"end":{"line":138,"column":null}},{"start":{},"end":{}}],"line":136},"5":{"loc":{"start":{"line":139,"column":4},"end":{"line":141,"column":null}},"type":"if","locations":[{"start":{"line":139,"column":4},"end":{"line":141,"column":null}},{"start":{},"end":{}}],"line":139},"6":{"loc":{"start":{"line":153,"column":14},"end":{"line":153,"column":33}},"type":"default-arg","locations":[{"start":{"line":153,"column":31},"end":{"line":153,"column":33}}],"line":153},"7":{"loc":{"start":{"line":153,"column":16},"end":{"line":153,"column":26}},"type":"default-arg","locations":[{"start":{"line":153,"column":22},"end":{"line":153,"column":26}}],"line":153},"8":{"loc":{"start":{"line":154,"column":4},"end":{"line":161,"column":null}},"type":"if","locations":[{"start":{"line":154,"column":4},"end":{"line":161,"column":null}},{"start":{},"end":{}}],"line":154},"9":{"loc":{"start":{"line":155,"column":6},"end":{"line":159,"column":null}},"type":"if","locations":[{"start":{"line":155,"column":6},"end":{"line":159,"column":null}},{"start":{},"end":{}}],"line":155},"10":{"loc":{"start":{"line":164,"column":4},"end":{"line":166,"column":null}},"type":"if","locations":[{"start":{"line":164,"column":4},"end":{"line":166,"column":null}},{"start":{},"end":{}}],"line":164},"11":{"loc":{"start":{"line":165,"column":18},"end":{"line":165,"column":null}},"type":"cond-expr","locations":[{"start":{"line":165,"column":28},"end":{"line":165,"column":48}},{"start":{"line":165,"column":51},"end":{"line":165,"column":null}}],"line":165},"12":{"loc":{"start":{"line":175,"column":6},"end":{"line":185,"column":null}},"type":"if","locations":[{"start":{"line":175,"column":6},"end":{"line":185,"column":null}},{"start":{},"end":{}}],"line":175},"13":{"loc":{"start":{"line":188,"column":4},"end":{"line":198,"column":null}},"type":"if","locations":[{"start":{"line":188,"column":4},"end":{"line":198,"column":null}},{"start":{},"end":{}}],"line":188},"14":{"loc":{"start":{"line":191,"column":8},"end":{"line":196,"column":null}},"type":"if","locations":[{"start":{"line":191,"column":8},"end":{"line":196,"column":null}},{"start":{},"end":{}}],"line":191},"15":{"loc":{"start":{"line":200,"column":4},"end":{"line":203,"column":null}},"type":"if","locations":[{"start":{"line":200,"column":4},"end":{"line":203,"column":null}},{"start":{},"end":{}}],"line":200},"16":{"loc":{"start":{"line":205,"column":4},"end":{"line":209,"column":null}},"type":"if","locations":[{"start":{"line":205,"column":4},"end":{"line":209,"column":null}},{"start":{},"end":{}}],"line":205},"17":{"loc":{"start":{"line":205,"column":8},"end":{"line":205,"column":48}},"type":"binary-expr","locations":[{"start":{"line":205,"column":8},"end":{"line":205,"column":25}},{"start":{"line":205,"column":29},"end":{"line":205,"column":48}}],"line":205},"18":{"loc":{"start":{"line":211,"column":4},"end":{"line":219,"column":null}},"type":"if","locations":[{"start":{"line":211,"column":4},"end":{"line":219,"column":null}},{"start":{},"end":{}}],"line":211},"19":{"loc":{"start":{"line":212,"column":6},"end":{"line":214,"column":null}},"type":"binary-expr","locations":[{"start":{"line":212,"column":6},"end":{"line":212,"column":26}},{"start":{"line":213,"column":6},"end":{"line":213,"column":28}},{"start":{"line":214,"column":6},"end":{"line":214,"column":null}}],"line":212},"20":{"loc":{"start":{"line":223,"column":4},"end":{"line":225,"column":null}},"type":"if","locations":[{"start":{"line":223,"column":4},"end":{"line":225,"column":null}},{"start":{},"end":{}}],"line":223},"21":{"loc":{"start":{"line":227,"column":4},"end":{"line":229,"column":null}},"type":"if","locations":[{"start":{"line":227,"column":4},"end":{"line":229,"column":null}},{"start":{},"end":{}}],"line":227},"22":{"loc":{"start":{"line":227,"column":8},"end":{"line":227,"column":44}},"type":"binary-expr","locations":[{"start":{"line":227,"column":8},"end":{"line":227,"column":28}},{"start":{"line":227,"column":32},"end":{"line":227,"column":44}}],"line":227},"23":{"loc":{"start":{"line":238,"column":10},"end":{"line":238,"column":40}},"type":"cond-expr","locations":[{"start":{"line":238,"column":20},"end":{"line":238,"column":35}},{"start":{"line":238,"column":38},"end":{"line":238,"column":40}}],"line":238},"24":{"loc":{"start":{"line":245,"column":4},"end":{"line":248,"column":null}},"type":"if","locations":[{"start":{"line":245,"column":4},"end":{"line":248,"column":null}},{"start":{},"end":{}}],"line":245},"25":{"loc":{"start":{"line":269,"column":6},"end":{"line":271,"column":null}},"type":"cond-expr","locations":[{"start":{"line":270,"column":10},"end":{"line":270,"column":null}},{"start":{"line":271,"column":10},"end":{"line":271,"column":null}}],"line":269},"26":{"loc":{"start":{"line":269,"column":6},"end":{"line":269,"column":null}},"type":"binary-expr","locations":[{"start":{"line":269,"column":6},"end":{"line":269,"column":13}},{"start":{"line":269,"column":17},"end":{"line":269,"column":null}}],"line":269},"27":{"loc":{"start":{"line":276,"column":6},"end":{"line":280,"column":null}},"type":"if","locations":[{"start":{"line":276,"column":6},"end":{"line":280,"column":null}},{"start":{},"end":{}}],"line":276},"28":{"loc":{"start":{"line":276,"column":10},"end":{"line":276,"column":66}},"type":"binary-expr","locations":[{"start":{"line":276,"column":10},"end":{"line":276,"column":24}},{"start":{"line":276,"column":28},"end":{"line":276,"column":66}}],"line":276},"29":{"loc":{"start":{"line":283,"column":6},"end":{"line":291,"column":null}},"type":"if","locations":[{"start":{"line":283,"column":6},"end":{"line":291,"column":null}},{"start":{},"end":{}}],"line":283},"30":{"loc":{"start":{"line":284,"column":8},"end":{"line":285,"column":null}},"type":"binary-expr","locations":[{"start":{"line":284,"column":8},"end":{"line":284,"column":44}},{"start":{"line":285,"column":8},"end":{"line":285,"column":null}}],"line":284},"31":{"loc":{"start":{"line":296,"column":6},"end":{"line":300,"column":null}},"type":"if","locations":[{"start":{"line":296,"column":6},"end":{"line":300,"column":null}},{"start":{},"end":{}}],"line":296},"32":{"loc":{"start":{"line":312,"column":4},"end":{"line":312,"column":null}},"type":"if","locations":[{"start":{"line":312,"column":4},"end":{"line":312,"column":null}},{"start":{},"end":{}}],"line":312},"33":{"loc":{"start":{"line":312,"column":8},"end":{"line":312,"column":42}},"type":"binary-expr","locations":[{"start":{"line":312,"column":8},"end":{"line":312,"column":16}},{"start":{"line":312,"column":20},"end":{"line":312,"column":42}}],"line":312},"34":{"loc":{"start":{"line":324,"column":6},"end":{"line":328,"column":null}},"type":"if","locations":[{"start":{"line":324,"column":6},"end":{"line":328,"column":null}},{"start":{"line":326,"column":13},"end":{"line":328,"column":null}}],"line":324}},"s":{"0":26,"1":26,"2":26,"3":26,"4":26,"5":26,"6":26,"7":26,"8":1,"9":1,"10":18,"11":18,"12":18,"13":18,"14":12,"15":12,"16":3,"17":3,"18":3,"19":3,"20":4,"21":4,"22":4,"23":1,"24":1,"25":3,"26":1,"27":2,"28":1,"29":15,"30":15,"31":15,"32":8,"33":15,"34":8,"35":15,"36":1,"37":1,"38":15,"39":0,"40":0,"41":0,"42":15,"43":15,"44":8,"45":15,"46":15,"47":8,"48":8,"49":8,"50":8,"51":8,"52":8,"53":8,"54":15,"55":7,"56":0,"57":0,"58":0,"59":0,"60":0,"61":15,"62":7,"63":7,"64":15,"65":0,"66":0,"67":0,"68":15,"69":0,"70":0,"71":0,"72":15,"73":15,"74":12,"75":13,"76":1,"77":13,"78":15,"79":15,"80":15,"81":15,"82":15,"83":1,"84":1,"85":15,"86":15,"87":28,"88":15,"89":15,"90":15,"91":15,"92":15,"93":19,"94":5,"95":6,"96":19,"97":4,"98":4,"99":4,"100":15,"101":28,"102":13,"103":13,"104":13,"105":15,"106":12,"107":12,"108":8,"109":4,"110":4,"111":4,"112":4,"113":4,"114":4,"115":1,"116":0,"117":1,"118":4,"119":4},"f":{"0":26,"1":1,"2":18,"3":12,"4":3,"5":4,"6":1,"7":3,"8":1,"9":15,"10":1,"11":15,"12":15,"13":28,"14":12,"15":1},"b":{"0":[26],"1":[18,0],"2":[4],"3":[1,2],"4":[8,7],"5":[8,7],"6":[15],"7":[15],"8":[0,15],"9":[0,0],"10":[8,7],"11":[8,0],"12":[8,0],"13":[7,8],"14":[0,0],"15":[7,8],"16":[0,15],"17":[15,0],"18":[0,15],"19":[15,0,0],"20":[12,3],"21":[1,12],"22":[13,7],"23":[8,7],"24":[1,14],"25":[1,14],"26":[15,8],"27":[5,14],"28":[19,18],"29":[4,15],"30":[19,4],"31":[13,15],"32":[8,4],"33":[12,5],"34":[0,1]},"meta":{"lastBranch":35,"lastFunction":16,"lastStatement":120,"seen":{"f:39:2:39:13":0,"b:39:21:39:23":0,"s:40:4:40:Infinity":0,"s:41:4:41:Infinity":1,"s:42:4:42:Infinity":2,"s:43:4:43:Infinity":3,"s:44:4:44:Infinity":4,"s:45:4:45:Infinity":5,"s:46:4:46:Infinity":6,"s:47:4:47:Infinity":7,"f:55:2:55:7":1,"s:56:4:56:Infinity":8,"s:57:4:57:Infinity":9,"f:63:2:63:9":2,"s:64:20:64:Infinity":10,"b:64:41:64:52:64:56:64:58":1,"s:65:4:65:Infinity":11,"s:66:4:66:Infinity":12,"s:67:4:67:Infinity":13,"f:75:2:75:8":3,"s:76:4:76:Infinity":14,"s:77:4:77:Infinity":15,"f:84:2:84:6":4,"s:85:4:85:Infinity":16,"s:86:4:86:Infinity":17,"s:87:4:87:Infinity":18,"s:88:4:88:Infinity":19,"f:95:2:95:9":5,"b:95:33:95:48":2,"s:96:4:96:Infinity":20,"s:97:4:97:Infinity":21,"s:98:4:98:Infinity":22,"f:106:2:106:9":6,"s:107:4:107:Infinity":23,"s:108:4:108:Infinity":24,"f:117:2:117:12":7,"b:118:4:122:Infinity:120:11:122:Infinity":3,"s:118:4:122:Infinity":25,"s:119:6:119:Infinity":26,"s:121:6:121:Infinity":27,"f:129:2:129:15":8,"s:130:4:130:Infinity":28,"f:133:2:133:15":9,"s:134:4:134:Infinity":29,"s:135:4:135:Infinity":30,"b:136:4:138:Infinity:undefined:undefined:undefined:undefined":4,"s:136:4:138:Infinity":31,"s:137:6:137:Infinity":32,"b:139:4:141:Infinity:undefined:undefined:undefined:undefined":5,"s:139:4:141:Infinity":33,"s:140:6:140:Infinity":34,"s:142:4:142:Infinity":35,"f:145:2:145:21":10,"s:146:4:146:Infinity":36,"s:147:4:147:Infinity":37,"f:153:2:153:7":11,"b:153:31:153:33":6,"b:153:22:153:26":7,"b:154:4:161:Infinity:undefined:undefined:undefined:undefined":8,"s:154:4:161:Infinity":38,"b:155:6:159:Infinity:undefined:undefined:undefined:undefined":9,"s:155:6:159:Infinity":39,"s:156:8:158:Infinity":40,"s:160:6:160:Infinity":41,"s:163:4:163:Infinity":42,"b:164:4:166:Infinity:undefined:undefined:undefined:undefined":10,"s:164:4:166:Infinity":43,"s:165:6:165:Infinity":44,"b:165:28:165:48:165:51:165:Infinity":11,"s:168:22:168:Infinity":45,"s:171:4:186:Infinity":46,"s:172:21:172:Infinity":47,"s:174:26:174:Infinity":48,"b:175:6:185:Infinity:undefined:undefined:undefined:undefined":12,"s:175:6:185:Infinity":49,"s:176:8:176:Infinity":50,"s:177:27:180:Infinity":51,"s:181:8:181:Infinity":52,"s:182:8:184:Infinity":53,"b:188:4:198:Infinity:undefined:undefined:undefined:undefined":13,"s:188:4:198:Infinity":54,"s:190:6:197:Infinity":55,"b:191:8:196:Infinity:undefined:undefined:undefined:undefined":14,"s:191:8:196:Infinity":56,"s:192:10:192:Infinity":57,"s:193:25:193:Infinity":58,"s:194:10:194:Infinity":59,"s:195:10:195:Infinity":60,"b:200:4:203:Infinity:undefined:undefined:undefined:undefined":15,"s:200:4:203:Infinity":61,"s:201:21:201:Infinity":62,"s:202:6:202:Infinity":63,"b:205:4:209:Infinity:undefined:undefined:undefined:undefined":16,"s:205:4:209:Infinity":64,"b:205:8:205:25:205:29:205:48":17,"s:206:6:206:Infinity":65,"s:207:6:207:Infinity":66,"s:208:6:208:Infinity":67,"b:211:4:219:Infinity:undefined:undefined:undefined:undefined":18,"s:211:4:219:Infinity":68,"b:212:6:212:26:213:6:213:28:214:6:214:Infinity":19,"s:216:6:216:Infinity":69,"s:217:6:217:Infinity":70,"s:218:6:218:Infinity":71,"s:221:23:221:Infinity":72,"b:223:4:225:Infinity:undefined:undefined:undefined:undefined":20,"s:223:4:225:Infinity":73,"s:224:6:224:Infinity":74,"b:227:4:229:Infinity:undefined:undefined:undefined:undefined":21,"s:227:4:229:Infinity":75,"b:227:8:227:28:227:32:227:44":22,"s:228:6:228:Infinity":76,"s:231:4:231:Infinity":77,"f:234:2:234:5":12,"s:236:23:239:Infinity":78,"b:238:20:238:35:238:38:238:40":23,"s:240:23:240:Infinity":79,"s:243:32:243:Infinity":80,"s:244:30:244:Infinity":81,"b:245:4:248:Infinity:undefined:undefined:undefined:undefined":24,"s:245:4:248:Infinity":82,"s:246:6:246:Infinity":83,"s:247:6:247:Infinity":84,"s:250:17:250:Infinity":85,"s:251:4:259:Infinity":86,"f:252:6:252:7":13,"s:253:8:256:Infinity":87,"s:261:17:261:Infinity":88,"s:263:20:265:Infinity":89,"s:269:6:271:Infinity":90,"b:270:10:270:Infinity:271:10:271:Infinity":25,"b:269:6:269:13:269:17:269:Infinity":26,"s:273:23:273:Infinity":91,"s:275:4:292:Infinity":92,"b:276:6:280:Infinity:undefined:undefined:undefined:undefined":27,"s:276:6:280:Infinity":93,"b:276:10:276:24:276:28:276:66":28,"s:277:8:279:Infinity":94,"s:278:10:278:Infinity":95,"b:283:6:291:Infinity:undefined:undefined:undefined:undefined":29,"s:283:6:291:Infinity":96,"b:284:8:284:44:285:8:285:Infinity":30,"s:287:8:287:Infinity":97,"s:289:8:289:Infinity":98,"s:290:8:290:Infinity":99,"s:295:4:301:Infinity":100,"b:296:6:300:Infinity:undefined:undefined:undefined:undefined":31,"s:296:6:300:Infinity":101,"s:297:21:297:Infinity":102,"s:298:8:298:Infinity":103,"s:299:8:299:Infinity":104,"s:303:4:306:Infinity":105,"f:309:2:309:19":14,"s:310:55:310:Infinity":106,"b:312:4:312:Infinity:undefined:undefined:undefined:undefined":32,"s:312:4:312:Infinity":107,"b:312:8:312:16:312:20:312:42":33,"s:312:44:312:Infinity":108,"s:314:4:314:Infinity":109,"s:316:4:316:Infinity":110,"s:318:4:318:Infinity":111,"s:320:4:320:Infinity":112,"s:322:23:322:Infinity":113,"s:323:4:329:Infinity":114,"f:323:25:323:26":15,"b:324:6:328:Infinity:326:13:328:Infinity":34,"s:324:6:328:Infinity":115,"s:325:8:325:Infinity":116,"s:327:8:327:Infinity":117,"s:330:4:330:Infinity":118,"s:331:4:331:Infinity":119},"fnNames":{}}}
,"/Users/user/Desktop/Lang/migrations/cac-js/src/command.js": {"path":"/Users/user/Desktop/Lang/migrations/cac-js/src/command.js","statementMap":{"0":{"start":{"line":32,"column":4},"end":{"line":32,"column":null}},"1":{"start":{"line":33,"column":4},"end":{"line":33,"column":null}},"2":{"start":{"line":34,"column":4},"end":{"line":34,"column":null}},"3":{"start":{"line":35,"column":4},"end":{"line":35,"column":null}},"4":{"start":{"line":37,"column":4},"end":{"line":37,"column":null}},"5":{"start":{"line":38,"column":4},"end":{"line":38,"column":null}},"6":{"start":{"line":39,"column":4},"end":{"line":39,"column":null}},"7":{"start":{"line":40,"column":4},"end":{"line":40,"column":null}},"8":{"start":{"line":41,"column":4},"end":{"line":41,"column":null}},"9":{"start":{"line":45,"column":4},"end":{"line":45,"column":null}},"10":{"start":{"line":46,"column":4},"end":{"line":46,"column":null}},"11":{"start":{"line":50,"column":4},"end":{"line":50,"column":null}},"12":{"start":{"line":51,"column":4},"end":{"line":51,"column":null}},"13":{"start":{"line":55,"column":4},"end":{"line":55,"column":null}},"14":{"start":{"line":56,"column":4},"end":{"line":56,"column":null}},"15":{"start":{"line":60,"column":4},"end":{"line":60,"column":null}},"16":{"start":{"line":61,"column":4},"end":{"line":61,"column":null}},"17":{"start":{"line":62,"column":4},"end":{"line":62,"column":null}},"18":{"start":{"line":66,"column":4},"end":{"line":66,"column":null}},"19":{"start":{"line":67,"column":4},"end":{"line":67,"column":null}},"20":{"start":{"line":77,"column":19},"end":{"line":77,"column":null}},"21":{"start":{"line":78,"column":4},"end":{"line":78,"column":null}},"22":{"start":{"line":79,"column":4},"end":{"line":79,"column":null}},"23":{"start":{"line":83,"column":4},"end":{"line":83,"column":null}},"24":{"start":{"line":84,"column":4},"end":{"line":84,"column":null}},"25":{"start":{"line":88,"column":4},"end":{"line":88,"column":null}},"26":{"start":{"line":89,"column":4},"end":{"line":89,"column":null}},"27":{"start":{"line":97,"column":4},"end":{"line":97,"column":null}},"28":{"start":{"line":101,"column":4},"end":{"line":101,"column":null}},"29":{"start":{"line":105,"column":4},"end":{"line":105,"column":null}},"30":{"start":{"line":113,"column":4},"end":{"line":113,"column":null}},"31":{"start":{"line":114,"column":4},"end":{"line":116,"column":null}},"32":{"start":{"line":115,"column":6},"end":{"line":115,"column":null}},"33":{"start":{"line":120,"column":31},"end":{"line":120,"column":null}},"34":{"start":{"line":125,"column":8},"end":{"line":125,"column":null}},"35":{"start":{"line":127,"column":19},"end":{"line":131,"column":null}},"36":{"start":{"line":133,"column":4},"end":{"line":136,"column":null}},"37":{"start":{"line":139,"column":6},"end":{"line":139,"column":null}},"38":{"start":{"line":141,"column":4},"end":{"line":169,"column":null}},"39":{"start":{"line":142,"column":33},"end":{"line":144,"column":null}},"40":{"start":{"line":143,"column":34},"end":{"line":143,"column":49}},"41":{"start":{"line":145,"column":6},"end":{"line":168,"column":null}},"42":{"start":{"line":150,"column":14},"end":{"line":153,"column":null}},"43":{"start":{"line":162,"column":16},"end":{"line":164,"column":25}},"44":{"start":{"line":171,"column":18},"end":{"line":173,"column":null}},"45":{"start":{"line":174,"column":4},"end":{"line":176,"column":null}},"46":{"start":{"line":175,"column":6},"end":{"line":175,"column":null}},"47":{"start":{"line":175,"column":43},"end":{"line":175,"column":68}},"48":{"start":{"line":177,"column":4},"end":{"line":195,"column":null}},"49":{"start":{"line":178,"column":32},"end":{"line":180,"column":null}},"50":{"start":{"line":179,"column":32},"end":{"line":179,"column":46}},"51":{"start":{"line":181,"column":6},"end":{"line":194,"column":null}},"52":{"start":{"line":185,"column":12},"end":{"line":191,"column":null}},"53":{"start":{"line":197,"column":4},"end":{"line":209,"column":null}},"54":{"start":{"line":198,"column":6},"end":{"line":208,"column":null}},"55":{"start":{"line":202,"column":12},"end":{"line":204,"column":null}},"56":{"start":{"line":203,"column":14},"end":{"line":203,"column":null}},"57":{"start":{"line":205,"column":12},"end":{"line":205,"column":null}},"58":{"start":{"line":211,"column":4},"end":{"line":213,"column":null}},"59":{"start":{"line":212,"column":6},"end":{"line":212,"column":null}},"60":{"start":{"line":215,"column":4},"end":{"line":223,"column":null}},"61":{"start":{"line":218,"column":10},"end":{"line":220,"column":null}},"62":{"start":{"line":227,"column":21},"end":{"line":227,"column":null}},"63":{"start":{"line":228,"column":30},"end":{"line":228,"column":null}},"64":{"start":{"line":229,"column":4},"end":{"line":231,"column":null}},"65":{"start":{"line":230,"column":6},"end":{"line":230,"column":null}},"66":{"start":{"line":235,"column":29},"end":{"line":235,"column":null}},"67":{"start":{"line":235,"column":55},"end":{"line":235,"column":67}},"68":{"start":{"line":237,"column":4},"end":{"line":241,"column":null}},"69":{"start":{"line":238,"column":6},"end":{"line":240,"column":null}},"70":{"start":{"line":250,"column":39},"end":{"line":250,"column":null}},"71":{"start":{"line":252,"column":4},"end":{"line":264,"column":null}},"72":{"start":{"line":253,"column":6},"end":{"line":263,"column":null}},"73":{"start":{"line":254,"column":8},"end":{"line":262,"column":null}},"74":{"start":{"line":259,"column":10},"end":{"line":261,"column":null}},"75":{"start":{"line":271,"column":54},"end":{"line":271,"column":null}},"76":{"start":{"line":272,"column":20},"end":{"line":272,"column":null}},"77":{"start":{"line":273,"column":4},"end":{"line":284,"column":null}},"78":{"start":{"line":274,"column":20},"end":{"line":274,"column":null}},"79":{"start":{"line":276,"column":6},"end":{"line":283,"column":null}},"80":{"start":{"line":277,"column":27},"end":{"line":279,"column":null}},"81":{"start":{"line":278,"column":17},"end":{"line":278,"column":59}},"82":{"start":{"line":280,"column":8},"end":{"line":282,"column":null}},"83":{"start":{"line":281,"column":10},"end":{"line":281,"column":null}},"84":{"start":{"line":291,"column":27},"end":{"line":291,"column":null}},"85":{"start":{"line":291,"column":51},"end":{"line":291,"column":63}},"86":{"start":{"line":292,"column":29},"end":{"line":292,"column":null}},"87":{"start":{"line":294,"column":4},"end":{"line":300,"column":null}},"88":{"start":{"line":295,"column":25},"end":{"line":298,"column":null}},"89":{"start":{"line":297,"column":22},"end":{"line":297,"column":34}},"90":{"start":{"line":299,"column":6},"end":{"line":299,"column":null}},"91":{"start":{"line":306,"column":4},"end":{"line":306,"column":null}}},"fnMap":{"0":{"name":"constructor","decl":{"start":{"line":31,"column":2},"end":{"line":31,"column":13}},"loc":{"start":{"line":31,"column":54},"end":{"line":42,"column":null}},"line":31},"1":{"name":"usage","decl":{"start":{"line":44,"column":2},"end":{"line":44,"column":7}},"loc":{"start":{"line":44,"column":14},"end":{"line":47,"column":null}},"line":44},"2":{"name":"allowUnknownOptions","decl":{"start":{"line":49,"column":2},"end":{"line":49,"column":21}},"loc":{"start":{"line":49,"column":24},"end":{"line":52,"column":null}},"line":49},"3":{"name":"ignoreOptionDefaultValue","decl":{"start":{"line":54,"column":2},"end":{"line":54,"column":26}},"loc":{"start":{"line":54,"column":29},"end":{"line":57,"column":null}},"line":54},"4":{"name":"version","decl":{"start":{"line":59,"column":2},"end":{"line":59,"column":9}},"loc":{"start":{"line":59,"column":50},"end":{"line":63,"column":null}},"line":59},"5":{"name":"example","decl":{"start":{"line":65,"column":2},"end":{"line":65,"column":9}},"loc":{"start":{"line":65,"column":19},"end":{"line":68,"column":null}},"line":65},"6":{"name":"option","decl":{"start":{"line":76,"column":2},"end":{"line":76,"column":8}},"loc":{"start":{"line":76,"column":39},"end":{"line":80,"column":null}},"line":76},"7":{"name":"alias","decl":{"start":{"line":82,"column":2},"end":{"line":82,"column":7}},"loc":{"start":{"line":82,"column":14},"end":{"line":85,"column":null}},"line":82},"8":{"name":"action","decl":{"start":{"line":87,"column":2},"end":{"line":87,"column":8}},"loc":{"start":{"line":87,"column":19},"end":{"line":90,"column":null}},"line":87},"9":{"name":"isMatched","decl":{"start":{"line":96,"column":2},"end":{"line":96,"column":11}},"loc":{"start":{"line":96,"column":18},"end":{"line":98,"column":null}},"line":96},"10":{"name":"isDefaultCommand","decl":{"start":{"line":100,"column":6},"end":{"line":100,"column":22}},"loc":{"start":{"line":100,"column":25},"end":{"line":102,"column":null}},"line":100},"11":{"name":"isGlobalCommand","decl":{"start":{"line":104,"column":6},"end":{"line":104,"column":21}},"loc":{"start":{"line":104,"column":24},"end":{"line":106,"column":null}},"line":104},"12":{"name":"hasOption","decl":{"start":{"line":112,"column":2},"end":{"line":112,"column":11}},"loc":{"start":{"line":112,"column":18},"end":{"line":117,"column":null}},"line":112},"13":{"name":"(anonymous_13)","decl":{"start":{"line":114,"column":29},"end":{"line":114,"column":30}},"loc":{"start":{"line":114,"column":41},"end":{"line":116,"column":5}},"line":114},"14":{"name":"outputHelp","decl":{"start":{"line":119,"column":2},"end":{"line":119,"column":12}},"loc":{"start":{"line":119,"column":15},"end":{"line":224,"column":null}},"line":119},"15":{"name":"(anonymous_15)","decl":{"start":{"line":143,"column":21},"end":{"line":143,"column":22}},"loc":{"start":{"line":143,"column":34},"end":{"line":143,"column":49}},"line":143},"16":{"name":"(anonymous_16)","decl":{"start":{"line":149,"column":17},"end":{"line":149,"column":18}},"loc":{"start":{"line":149,"column":30},"end":{"line":154,"column":13}},"line":149},"17":{"name":"(anonymous_17)","decl":{"start":{"line":161,"column":14},"end":{"line":161,"column":15}},"loc":{"start":{"line":162,"column":16},"end":{"line":164,"column":25}},"line":162},"18":{"name":"(anonymous_18)","decl":{"start":{"line":175,"column":31},"end":{"line":175,"column":32}},"loc":{"start":{"line":175,"column":43},"end":{"line":175,"column":68}},"line":175},"19":{"name":"(anonymous_19)","decl":{"start":{"line":179,"column":20},"end":{"line":179,"column":21}},"loc":{"start":{"line":179,"column":32},"end":{"line":179,"column":46}},"line":179},"20":{"name":"(anonymous_20)","decl":{"start":{"line":184,"column":15},"end":{"line":184,"column":16}},"loc":{"start":{"line":184,"column":27},"end":{"line":192,"column":11}},"line":184},"21":{"name":"(anonymous_21)","decl":{"start":{"line":201,"column":15},"end":{"line":201,"column":16}},"loc":{"start":{"line":201,"column":28},"end":{"line":206,"column":11}},"line":201},"22":{"name":"(anonymous_22)","decl":{"start":{"line":217,"column":13},"end":{"line":217,"column":14}},"loc":{"start":{"line":217,"column":26},"end":{"line":221,"column":9}},"line":217},"23":{"name":"outputVersion","decl":{"start":{"line":226,"column":2},"end":{"line":226,"column":15}},"loc":{"start":{"line":226,"column":18},"end":{"line":232,"column":null}},"line":226},"24":{"name":"checkRequiredArgs","decl":{"start":{"line":234,"column":2},"end":{"line":234,"column":19}},"loc":{"start":{"line":234,"column":22},"end":{"line":242,"column":null}},"line":234},"25":{"name":"(anonymous_25)","decl":{"start":{"line":235,"column":46},"end":{"line":235,"column":47}},"loc":{"start":{"line":235,"column":55},"end":{"line":235,"column":67}},"line":235},"26":{"name":"checkUnknownOptions","decl":{"start":{"line":249,"column":2},"end":{"line":249,"column":21}},"loc":{"start":{"line":249,"column":24},"end":{"line":265,"column":null}},"line":249},"27":{"name":"checkOptionValue","decl":{"start":{"line":270,"column":2},"end":{"line":270,"column":18}},"loc":{"start":{"line":270,"column":21},"end":{"line":285,"column":null}},"line":270},"28":{"name":"(anonymous_28)","decl":{"start":{"line":278,"column":10},"end":{"line":278,"column":11}},"loc":{"start":{"line":278,"column":17},"end":{"line":278,"column":59}},"line":278},"29":{"name":"checkUnusedArgs","decl":{"start":{"line":290,"column":2},"end":{"line":290,"column":17}},"loc":{"start":{"line":290,"column":20},"end":{"line":301,"column":null}},"line":290},"30":{"name":"(anonymous_30)","decl":{"start":{"line":291,"column":42},"end":{"line":291,"column":43}},"loc":{"start":{"line":291,"column":51},"end":{"line":291,"column":63}},"line":291},"31":{"name":"(anonymous_31)","decl":{"start":{"line":297,"column":13},"end":{"line":297,"column":14}},"loc":{"start":{"line":297,"column":22},"end":{"line":297,"column":34}},"line":297},"32":{"name":"constructor_2","decl":{"start":{"line":305,"column":2},"end":{"line":305,"column":13}},"loc":{"start":{"line":305,"column":19},"end":{"line":307,"column":null}},"line":305}},"branchMap":{"0":{"loc":{"start":{"line":31,"column":36},"end":{"line":31,"column":47}},"type":"default-arg","locations":[{"start":{"line":31,"column":45},"end":{"line":31,"column":47}}],"line":31},"1":{"loc":{"start":{"line":59,"column":19},"end":{"line":59,"column":48}},"type":"default-arg","locations":[{"start":{"line":59,"column":33},"end":{"line":59,"column":48}}],"line":59},"2":{"loc":{"start":{"line":97,"column":11},"end":{"line":97,"column":null}},"type":"binary-expr","locations":[{"start":{"line":97,"column":11},"end":{"line":97,"column":29}},{"start":{"line":97,"column":33},"end":{"line":97,"column":null}}],"line":97},"3":{"loc":{"start":{"line":101,"column":11},"end":{"line":101,"column":null}},"type":"binary-expr","locations":[{"start":{"line":101,"column":11},"end":{"line":101,"column":27}},{"start":{"line":101,"column":31},"end":{"line":101,"column":null}}],"line":101},"4":{"loc":{"start":{"line":129,"column":24},"end":{"line":129,"column":64}},"type":"cond-expr","locations":[{"start":{"line":129,"column":40},"end":{"line":129,"column":59}},{"start":{"line":129,"column":62},"end":{"line":129,"column":64}}],"line":129},"5":{"loc":{"start":{"line":135,"column":27},"end":{"line":135,"column":57}},"type":"binary-expr","locations":[{"start":{"line":135,"column":27},"end":{"line":135,"column":41}},{"start":{"line":135,"column":45},"end":{"line":135,"column":57}}],"line":135},"6":{"loc":{"start":{"line":139,"column":6},"end":{"line":139,"column":null}},"type":"binary-expr","locations":[{"start":{"line":139,"column":7},"end":{"line":139,"column":27}},{"start":{"line":139,"column":31},"end":{"line":139,"column":52}},{"start":{"line":139,"column":57},"end":{"line":139,"column":null}}],"line":139},"7":{"loc":{"start":{"line":141,"column":4},"end":{"line":169,"column":null}},"type":"if","locations":[{"start":{"line":141,"column":4},"end":{"line":169,"column":null}},{"start":{},"end":{}}],"line":141},"8":{"loc":{"start":{"line":163,"column":18},"end":{"line":163,"column":null}},"type":"cond-expr","locations":[{"start":{"line":163,"column":40},"end":{"line":163,"column":42}},{"start":{"line":163,"column":45},"end":{"line":163,"column":null}}],"line":163},"9":{"loc":{"start":{"line":171,"column":18},"end":{"line":173,"column":null}},"type":"cond-expr","locations":[{"start":{"line":172,"column":8},"end":{"line":172,"column":null}},{"start":{"line":173,"column":8},"end":{"line":173,"column":null}}],"line":171},"10":{"loc":{"start":{"line":173,"column":30},"end":{"line":173,"column":49}},"type":"binary-expr","locations":[{"start":{"line":173,"column":30},"end":{"line":173,"column":43}},{"start":{"line":173,"column":47},"end":{"line":173,"column":49}}],"line":173},"11":{"loc":{"start":{"line":174,"column":4},"end":{"line":176,"column":null}},"type":"if","locations":[{"start":{"line":174,"column":4},"end":{"line":176,"column":null}},{"start":{},"end":{}}],"line":174},"12":{"loc":{"start":{"line":174,"column":8},"end":{"line":174,"column":55}},"type":"binary-expr","locations":[{"start":{"line":174,"column":8},"end":{"line":174,"column":29}},{"start":{"line":174,"column":33},"end":{"line":174,"column":55}}],"line":174},"13":{"loc":{"start":{"line":177,"column":4},"end":{"line":195,"column":null}},"type":"if","locations":[{"start":{"line":177,"column":4},"end":{"line":195,"column":null}},{"start":{},"end":{}}],"line":177},"14":{"loc":{"start":{"line":188,"column":14},"end":{"line":190,"column":null}},"type":"cond-expr","locations":[{"start":{"line":189,"column":18},"end":{"line":189,"column":null}},{"start":{"line":190,"column":18},"end":{"line":190,"column":null}}],"line":188},"15":{"loc":{"start":{"line":197,"column":4},"end":{"line":209,"column":null}},"type":"if","locations":[{"start":{"line":197,"column":4},"end":{"line":209,"column":null}},{"start":{},"end":{}}],"line":197},"16":{"loc":{"start":{"line":202,"column":12},"end":{"line":204,"column":null}},"type":"if","locations":[{"start":{"line":202,"column":12},"end":{"line":204,"column":null}},{"start":{},"end":{}}],"line":202},"17":{"loc":{"start":{"line":211,"column":4},"end":{"line":213,"column":null}},"type":"if","locations":[{"start":{"line":211,"column":4},"end":{"line":213,"column":null}},{"start":{},"end":{}}],"line":211},"18":{"loc":{"start":{"line":212,"column":17},"end":{"line":212,"column":null}},"type":"binary-expr","locations":[{"start":{"line":212,"column":17},"end":{"line":212,"column":39}},{"start":{"line":212,"column":43},"end":{"line":212,"column":null}}],"line":212},"19":{"loc":{"start":{"line":218,"column":17},"end":{"line":220,"column":null}},"type":"cond-expr","locations":[{"start":{"line":219,"column":14},"end":{"line":219,"column":null}},{"start":{"line":220,"column":14},"end":{"line":220,"column":null}}],"line":218},"20":{"loc":{"start":{"line":229,"column":4},"end":{"line":231,"column":null}},"type":"if","locations":[{"start":{"line":229,"column":4},"end":{"line":231,"column":null}},{"start":{},"end":{}}],"line":229},"21":{"loc":{"start":{"line":237,"column":4},"end":{"line":241,"column":null}},"type":"if","locations":[{"start":{"line":237,"column":4},"end":{"line":241,"column":null}},{"start":{},"end":{}}],"line":237},"22":{"loc":{"start":{"line":252,"column":4},"end":{"line":264,"column":null}},"type":"if","locations":[{"start":{"line":252,"column":4},"end":{"line":264,"column":null}},{"start":{},"end":{}}],"line":252},"23":{"loc":{"start":{"line":254,"column":8},"end":{"line":262,"column":null}},"type":"if","locations":[{"start":{"line":254,"column":8},"end":{"line":262,"column":null}},{"start":{},"end":{}}],"line":254},"24":{"loc":{"start":{"line":255,"column":10},"end":{"line":257,"column":null}},"type":"binary-expr","locations":[{"start":{"line":255,"column":10},"end":{"line":255,"column":23}},{"start":{"line":256,"column":10},"end":{"line":256,"column":31}},{"start":{"line":257,"column":10},"end":{"line":257,"column":null}}],"line":255},"25":{"loc":{"start":{"line":260,"column":32},"end":{"line":260,"column":74}},"type":"cond-expr","locations":[{"start":{"line":260,"column":50},"end":{"line":260,"column":61}},{"start":{"line":260,"column":64},"end":{"line":260,"column":74}}],"line":260},"26":{"loc":{"start":{"line":276,"column":6},"end":{"line":283,"column":null}},"type":"if","locations":[{"start":{"line":276,"column":6},"end":{"line":283,"column":null}},{"start":{},"end":{}}],"line":276},"27":{"loc":{"start":{"line":278,"column":17},"end":{"line":278,"column":59}},"type":"binary-expr","locations":[{"start":{"line":278,"column":17},"end":{"line":278,"column":26}},{"start":{"line":278,"column":30},"end":{"line":278,"column":59}}],"line":278},"28":{"loc":{"start":{"line":280,"column":8},"end":{"line":282,"column":null}},"type":"if","locations":[{"start":{"line":280,"column":8},"end":{"line":282,"column":null}},{"start":{},"end":{}}],"line":280},"29":{"loc":{"start":{"line":280,"column":12},"end":{"line":280,"column":62}},"type":"binary-expr","locations":[{"start":{"line":280,"column":12},"end":{"line":280,"column":26}},{"start":{"line":280,"column":31},"end":{"line":280,"column":46}},{"start":{"line":280,"column":50},"end":{"line":280,"column":61}}],"line":280},"30":{"loc":{"start":{"line":292,"column":29},"end":{"line":292,"column":null}},"type":"cond-expr","locations":[{"start":{"line":292,"column":46},"end":{"line":292,"column":54}},{"start":{"line":292,"column":57},"end":{"line":292,"column":null}}],"line":292},"31":{"loc":{"start":{"line":294,"column":4},"end":{"line":300,"column":null}},"type":"if","locations":[{"start":{"line":294,"column":4},"end":{"line":300,"column":null}},{"start":{},"end":{}}],"line":294}},"s":{"0":44,"1":44,"2":44,"3":44,"4":44,"5":44,"6":44,"7":44,"8":44,"9":27,"10":27,"11":1,"12":1,"13":1,"14":1,"15":5,"16":5,"17":5,"18":3,"19":3,"20":26,"21":26,"22":26,"23":2,"24":2,"25":6,"26":6,"27":11,"28":7,"29":23,"30":4,"31":4,"32":5,"33":7,"34":7,"35":7,"36":7,"37":7,"38":7,"39":2,"40":3,"41":2,"42":3,"43":3,"44":7,"45":7,"46":2,"47":3,"48":7,"49":4,"50":5,"51":4,"52":5,"53":7,"54":2,"55":3,"56":1,"57":2,"58":7,"59":2,"60":7,"61":21,"62":3,"63":3,"64":3,"65":2,"66":3,"67":2,"68":3,"69":0,"70":4,"71":4,"72":3,"73":6,"74":1,"75":4,"76":4,"77":4,"78":4,"79":4,"80":2,"81":4,"82":2,"83":0,"84":3,"85":2,"86":3,"87":3,"88":1,"89":2,"90":1,"91":26},"f":{"0":44,"1":27,"2":1,"3":1,"4":5,"5":3,"6":26,"7":2,"8":6,"9":11,"10":7,"11":23,"12":4,"13":5,"14":7,"15":3,"16":3,"17":3,"18":3,"19":5,"20":5,"21":3,"22":21,"23":3,"24":3,"25":2,"26":4,"27":4,"28":4,"29":3,"30":2,"31":2,"32":26},"b":{"0":[44],"1":[5],"2":[11,2],"3":[7,6],"4":[1,6],"5":[7,2],"6":[7,2,5],"7":[2,5],"8":[0,3],"9":[5,2],"10":[2,0],"11":[2,5],"12":[7,2],"13":[4,3],"14":[4,1],"15":[2,5],"16":[1,2],"17":[2,5],"18":[2,1],"19":[15,6],"20":[2,1],"21":[0,3],"22":[3,1],"23":[1,5],"24":[6,3,1],"25":[1,0],"26":[2,2],"27":[4,2],"28":[0,2],"29":[2,2,2],"30":[0,3],"31":[1,2]},"meta":{"lastBranch":32,"lastFunction":33,"lastStatement":92,"seen":{"f:31:2:31:13":0,"b:31:45:31:47":0,"s:32:4:32:Infinity":0,"s:33:4:33:Infinity":1,"s:34:4:34:Infinity":2,"s:35:4:35:Infinity":3,"s:37:4:37:Infinity":4,"s:38:4:38:Infinity":5,"s:39:4:39:Infinity":6,"s:40:4:40:Infinity":7,"s:41:4:41:Infinity":8,"f:44:2:44:7":1,"s:45:4:45:Infinity":9,"s:46:4:46:Infinity":10,"f:49:2:49:21":2,"s:50:4:50:Infinity":11,"s:51:4:51:Infinity":12,"f:54:2:54:26":3,"s:55:4:55:Infinity":13,"s:56:4:56:Infinity":14,"f:59:2:59:9":4,"b:59:33:59:48":1,"s:60:4:60:Infinity":15,"s:61:4:61:Infinity":16,"s:62:4:62:Infinity":17,"f:65:2:65:9":5,"s:66:4:66:Infinity":18,"s:67:4:67:Infinity":19,"f:76:2:76:8":6,"s:77:19:77:Infinity":20,"s:78:4:78:Infinity":21,"s:79:4:79:Infinity":22,"f:82:2:82:7":7,"s:83:4:83:Infinity":23,"s:84:4:84:Infinity":24,"f:87:2:87:8":8,"s:88:4:88:Infinity":25,"s:89:4:89:Infinity":26,"f:96:2:96:11":9,"s:97:4:97:Infinity":27,"b:97:11:97:29:97:33:97:Infinity":2,"f:100:6:100:22":10,"s:101:4:101:Infinity":28,"b:101:11:101:27:101:31:101:Infinity":3,"f:104:6:104:21":11,"s:105:4:105:Infinity":29,"f:112:2:112:11":12,"s:113:4:113:Infinity":30,"s:114:4:116:Infinity":31,"f:114:29:114:30":13,"s:115:6:115:Infinity":32,"f:119:2:119:12":14,"s:120:31:120:Infinity":33,"s:125:8:125:Infinity":34,"s:127:19:131:Infinity":35,"b:129:40:129:59:129:62:129:64":4,"s:133:4:136:Infinity":36,"b:135:27:135:41:135:45:135:57":5,"s:139:6:139:Infinity":37,"b:139:7:139:27:139:31:139:52:139:57:139:Infinity":6,"b:141:4:169:Infinity:undefined:undefined:undefined:undefined":7,"s:141:4:169:Infinity":38,"s:142:33:144:Infinity":39,"f:143:21:143:22":15,"s:143:34:143:49":40,"s:145:6:168:Infinity":41,"f:149:17:149:18":16,"s:150:14:153:Infinity":42,"f:161:14:161:15":17,"s:162:16:164:25":43,"b:163:40:163:42:163:45:163:Infinity":8,"s:171:18:173:Infinity":44,"b:172:8:172:Infinity:173:8:173:Infinity":9,"b:173:30:173:43:173:47:173:49":10,"b:174:4:176:Infinity:undefined:undefined:undefined:undefined":11,"s:174:4:176:Infinity":45,"b:174:8:174:29:174:33:174:55":12,"s:175:6:175:Infinity":46,"f:175:31:175:32":18,"s:175:43:175:68":47,"b:177:4:195:Infinity:undefined:undefined:undefined:undefined":13,"s:177:4:195:Infinity":48,"s:178:32:180:Infinity":49,"f:179:20:179:21":19,"s:179:32:179:46":50,"s:181:6:194:Infinity":51,"f:184:15:184:16":20,"s:185:12:191:Infinity":52,"b:189:18:189:Infinity:190:18:190:Infinity":14,"b:197:4:209:Infinity:undefined:undefined:undefined:undefined":15,"s:197:4:209:Infinity":53,"s:198:6:208:Infinity":54,"f:201:15:201:16":21,"b:202:12:204:Infinity:undefined:undefined:undefined:undefined":16,"s:202:12:204:Infinity":55,"s:203:14:203:Infinity":56,"s:205:12:205:Infinity":57,"b:211:4:213:Infinity:undefined:undefined:undefined:undefined":17,"s:211:4:213:Infinity":58,"s:212:6:212:Infinity":59,"b:212:17:212:39:212:43:212:Infinity":18,"s:215:4:223:Infinity":60,"f:217:13:217:14":22,"s:218:10:220:Infinity":61,"b:219:14:219:Infinity:220:14:220:Infinity":19,"f:226:2:226:15":23,"s:227:21:227:Infinity":62,"s:228:30:228:Infinity":63,"b:229:4:231:Infinity:undefined:undefined:undefined:undefined":20,"s:229:4:231:Infinity":64,"s:230:6:230:Infinity":65,"f:234:2:234:19":24,"s:235:29:235:Infinity":66,"f:235:46:235:47":25,"s:235:55:235:67":67,"b:237:4:241:Infinity:undefined:undefined:undefined:undefined":21,"s:237:4:241:Infinity":68,"s:238:6:240:Infinity":69,"f:249:2:249:21":26,"s:250:39:250:Infinity":70,"b:252:4:264:Infinity:undefined:undefined:undefined:undefined":22,"s:252:4:264:Infinity":71,"s:253:6:263:Infinity":72,"b:254:8:262:Infinity:undefined:undefined:undefined:undefined":23,"s:254:8:262:Infinity":73,"b:255:10:255:23:256:10:256:31:257:10:257:Infinity":24,"s:259:10:261:Infinity":74,"b:260:50:260:61:260:64:260:74":25,"f:270:2:270:18":27,"s:271:54:271:Infinity":75,"s:272:20:272:Infinity":76,"s:273:4:284:Infinity":77,"s:274:20:274:Infinity":78,"b:276:6:283:Infinity:undefined:undefined:undefined:undefined":26,"s:276:6:283:Infinity":79,"s:277:27:279:Infinity":80,"f:278:10:278:11":28,"s:278:17:278:59":81,"b:278:17:278:26:278:30:278:59":27,"b:280:8:282:Infinity:undefined:undefined:undefined:undefined":28,"s:280:8:282:Infinity":82,"b:280:12:280:26:280:31:280:46:280:50:280:61":29,"s:281:10:281:Infinity":83,"f:290:2:290:17":29,"s:291:27:291:Infinity":84,"f:291:42:291:43":30,"s:291:51:291:63":85,"s:292:29:292:Infinity":86,"b:292:46:292:54:292:57:292:Infinity":30,"b:294:4:300:Infinity:undefined:undefined:undefined:undefined":31,"s:294:4:300:Infinity":87,"s:295:25:298:Infinity":88,"f:297:13:297:14":31,"s:297:22:297:34":89,"s:299:6:299:Infinity":90,"f:305:2:305:13":32,"s:306:4:306:Infinity":91},"fnNames":{}}}
,"/Users/user/Desktop/Lang/migrations/cac-js/src/index.js": {"path":"/Users/user/Desktop/Lang/migrations/cac-js/src/index.js","statementMap":{"0":{"start":{"line":7,"column":12},"end":{"line":7,"column":null}},"1":{"start":{"line":7,"column":27},"end":{"line":7,"column":null}}},"fnMap":{"0":{"name":"(anonymous_0)","decl":{"start":{"line":7,"column":12},"end":{"line":7,"column":13}},"loc":{"start":{"line":7,"column":27},"end":{"line":7,"column":null}},"line":7}},"branchMap":{"0":{"loc":{"start":{"line":7,"column":13},"end":{"line":7,"column":22}},"type":"default-arg","locations":[{"start":{"line":7,"column":20},"end":{"line":7,"column":22}}],"line":7}},"s":{"0":2,"1":26},"f":{"0":26},"b":{"0":[26]},"meta":{"lastBranch":1,"lastFunction":1,"lastStatement":2,"seen":{"s:7:12:7:Infinity":0,"f:7:12:7:13":0,"s:7:27:7:Infinity":1,"b:7:20:7:22":0},"fnNames":{}}}
,"/Users/user/Desktop/Lang/migrations/cac-js/src/option.js": {"path":"/Users/user/Desktop/Lang/migrations/cac-js/src/option.js","statementMap":{"0":{"start":{"line":24,"column":4},"end":{"line":24,"column":null}},"1":{"start":{"line":25,"column":4},"end":{"line":25,"column":null}},"2":{"start":{"line":26,"column":4},"end":{"line":26,"column":null}},"3":{"start":{"line":29,"column":4},"end":{"line":29,"column":null}},"4":{"start":{"line":31,"column":4},"end":{"line":31,"column":null}},"5":{"start":{"line":32,"column":4},"end":{"line":43,"column":42}},"6":{"start":{"line":35,"column":19},"end":{"line":35,"column":null}},"7":{"start":{"line":36,"column":8},"end":{"line":39,"column":null}},"8":{"start":{"line":37,"column":10},"end":{"line":37,"column":null}},"9":{"start":{"line":38,"column":10},"end":{"line":38,"column":null}},"10":{"start":{"line":41,"column":8},"end":{"line":41,"column":null}},"11":{"start":{"line":43,"column":22},"end":{"line":43,"column":41}},"12":{"start":{"line":46,"column":4},"end":{"line":46,"column":null}},"13":{"start":{"line":48,"column":4},"end":{"line":50,"column":null}},"14":{"start":{"line":49,"column":6},"end":{"line":49,"column":null}},"15":{"start":{"line":52,"column":4},"end":{"line":59,"column":null}},"16":{"start":{"line":53,"column":6},"end":{"line":53,"column":null}},"17":{"start":{"line":54,"column":11},"end":{"line":59,"column":null}},"18":{"start":{"line":55,"column":6},"end":{"line":55,"column":null}},"19":{"start":{"line":58,"column":6},"end":{"line":58,"column":null}}},"fnMap":{"0":{"name":"constructor","decl":{"start":{"line":23,"column":2},"end":{"line":23,"column":13}},"loc":{"start":{"line":23,"column":44},"end":{"line":60,"column":null}},"line":23},"1":{"name":"(anonymous_1)","decl":{"start":{"line":34,"column":11},"end":{"line":34,"column":12}},"loc":{"start":{"line":34,"column":18},"end":{"line":42,"column":7}},"line":34},"2":{"name":"(anonymous_2)","decl":{"start":{"line":43,"column":12},"end":{"line":43,"column":13}},"loc":{"start":{"line":43,"column":22},"end":{"line":43,"column":41}},"line":43}},"branchMap":{"0":{"loc":{"start":{"line":36,"column":8},"end":{"line":39,"column":null}},"type":"if","locations":[{"start":{"line":36,"column":8},"end":{"line":39,"column":null}},{"start":{},"end":{}}],"line":36},"1":{"loc":{"start":{"line":48,"column":4},"end":{"line":50,"column":null}},"type":"if","locations":[{"start":{"line":48,"column":4},"end":{"line":50,"column":null}},{"start":{},"end":{}}],"line":48},"2":{"loc":{"start":{"line":48,"column":8},"end":{"line":48,"column":51}},"type":"binary-expr","locations":[{"start":{"line":48,"column":8},"end":{"line":48,"column":20}},{"start":{"line":48,"column":24},"end":{"line":48,"column":51}}],"line":48},"3":{"loc":{"start":{"line":52,"column":4},"end":{"line":59,"column":null}},"type":"if","locations":[{"start":{"line":52,"column":4},"end":{"line":59,"column":null}},{"start":{"line":54,"column":11},"end":{"line":59,"column":null}}],"line":52},"4":{"loc":{"start":{"line":54,"column":11},"end":{"line":59,"column":null}},"type":"if","locations":[{"start":{"line":54,"column":11},"end":{"line":59,"column":null}},{"start":{"line":56,"column":11},"end":{"line":59,"column":null}}],"line":54}},"s":{"0":26,"1":26,"2":26,"3":26,"4":26,"5":26,"6":34,"7":34,"8":6,"9":6,"10":34,"11":8,"12":26,"13":26,"14":5,"15":26,"16":3,"17":23,"18":6,"19":17},"f":{"0":26,"1":34,"2":8},"b":{"0":[6,28],"1":[5,21],"2":[26,5],"3":[3,23],"4":[6,17]},"meta":{"lastBranch":5,"lastFunction":3,"lastStatement":20,"seen":{"f:23:2:23:13":0,"s:24:4:24:Infinity":0,"s:25:4:25:Infinity":1,"s:26:4:26:Infinity":2,"s:29:4:29:Infinity":3,"s:31:4:31:Infinity":4,"s:32:4:43:42":5,"f:34:11:34:12":1,"s:35:19:35:Infinity":6,"b:36:8:39:Infinity:undefined:undefined:undefined:undefined":0,"s:36:8:39:Infinity":7,"s:37:10:37:Infinity":8,"s:38:10:38:Infinity":9,"s:41:8:41:Infinity":10,"f:43:12:43:13":2,"s:43:22:43:41":11,"s:46:4:46:Infinity":12,"b:48:4:50:Infinity:undefined:undefined:undefined:undefined":1,"s:48:4:50:Infinity":13,"b:48:8:48:20:48:24:48:51":2,"s:49:6:49:Infinity":14,"b:52:4:59:Infinity:54:11:59:Infinity":3,"s:52:4:59:Infinity":15,"s:53:6:53:Infinity":16,"b:54:11:59:Infinity:56:11:59:Infinity":4,"s:54:11:59:Infinity":17,"s:55:6:55:Infinity":18,"s:58:6:58:Infinity":19},"fnNames":{}}}
,"/Users/user/Desktop/Lang/migrations/cac-js/src/runtime.js": {"path":"/Users/user/Desktop/Lang/migrations/cac-js/src/runtime.js","statementMap":{"0":{"start":{"line":8,"column":0},"end":{"line":23,"column":null}},"1":{"start":{"line":10,"column":2},"end":{"line":16,"column":null}},"2":{"start":{"line":11,"column":4},"end":{"line":11,"column":null}},"3":{"start":{"line":12,"column":9},"end":{"line":16,"column":null}},"4":{"start":{"line":13,"column":4},"end":{"line":13,"column":null}},"5":{"start":{"line":15,"column":4},"end":{"line":15,"column":null}},"6":{"start":{"line":17,"column":2},"end":{"line":17,"column":null}},"7":{"start":{"line":18,"column":2},"end":{"line":18,"column":null}},"8":{"start":{"line":19,"column":7},"end":{"line":23,"column":null}},"9":{"start":{"line":20,"column":2},"end":{"line":20,"column":null}},"10":{"start":{"line":22,"column":2},"end":{"line":22,"column":null}}},"fnMap":{},"branchMap":{"0":{"loc":{"start":{"line":8,"column":0},"end":{"line":23,"column":null}},"type":"if","locations":[{"start":{"line":8,"column":0},"end":{"line":23,"column":null}},{"start":{"line":19,"column":7},"end":{"line":23,"column":null}}],"line":8},"1":{"loc":{"start":{"line":10,"column":2},"end":{"line":16,"column":null}},"type":"if","locations":[{"start":{"line":10,"column":2},"end":{"line":16,"column":null}},{"start":{"line":12,"column":9},"end":{"line":16,"column":null}}],"line":10},"2":{"loc":{"start":{"line":10,"column":6},"end":{"line":10,"column":75}},"type":"binary-expr","locations":[{"start":{"line":10,"column":6},"end":{"line":10,"column":33}},{"start":{"line":10,"column":37},"end":{"line":10,"column":75}}],"line":10},"3":{"loc":{"start":{"line":12,"column":9},"end":{"line":16,"column":null}},"type":"if","locations":[{"start":{"line":12,"column":9},"end":{"line":16,"column":null}},{"start":{"line":14,"column":9},"end":{"line":16,"column":null}}],"line":12},"4":{"loc":{"start":{"line":12,"column":13},"end":{"line":12,"column":74}},"type":"binary-expr","locations":[{"start":{"line":12,"column":13},"end":{"line":12,"column":39}},{"start":{"line":12,"column":43},"end":{"line":12,"column":74}}],"line":12},"5":{"loc":{"start":{"line":19,"column":7},"end":{"line":23,"column":null}},"type":"if","locations":[{"start":{"line":19,"column":7},"end":{"line":23,"column":null}},{"start":{"line":21,"column":7},"end":{"line":23,"column":null}}],"line":19}},"s":{"0":2,"1":2,"2":0,"3":2,"4":0,"5":2,"6":2,"7":2,"8":0,"9":0,"10":0},"f":{},"b":{"0":[2,0],"1":[0,2],"2":[2,0],"3":[0,2],"4":[2,0],"5":[0,0]},"meta":{"lastBranch":6,"lastFunction":0,"lastStatement":11,"seen":{"b:8:0:23:Infinity:19:7:23:Infinity":0,"s:8:0:23:Infinity":0,"b:10:2:16:Infinity:12:9:16:Infinity":1,"s:10:2:16:Infinity":1,"b:10:6:10:33:10:37:10:75":2,"s:11:4:11:Infinity":2,"b:12:9:16:Infinity:14:9:16:Infinity":3,"s:12:9:16:Infinity":3,"b:12:13:12:39:12:43:12:74":4,"s:13:4:13:Infinity":4,"s:15:4:15:Infinity":5,"s:17:2:17:Infinity":6,"s:18:2:18:Infinity":7,"b:19:7:23:Infinity:21:7:23:Infinity":5,"s:19:7:23:Infinity":8,"s:20:2:20:Infinity":9,"s:22:2:22:Infinity":10},"fnNames":{}}}
,"/Users/user/Desktop/Lang/migrations/cac-js/src/utils.js": {"path":"/Users/user/Desktop/Lang/migrations/cac-js/src/utils.js","statementMap":{"0":{"start":{"line":2,"column":2},"end":{"line":2,"column":null}},"1":{"start":{"line":6,"column":35},"end":{"line":6,"column":null}},"2":{"start":{"line":7,"column":35},"end":{"line":7,"column":null}},"3":{"start":{"line":9,"column":14},"end":{"line":9,"column":null}},"4":{"start":{"line":11,"column":16},"end":{"line":23,"column":null}},"5":{"start":{"line":12,"column":19},"end":{"line":12,"column":null}},"6":{"start":{"line":13,"column":16},"end":{"line":13,"column":null}},"7":{"start":{"line":14,"column":4},"end":{"line":17,"column":null}},"8":{"start":{"line":15,"column":6},"end":{"line":15,"column":null}},"9":{"start":{"line":16,"column":6},"end":{"line":16,"column":null}},"10":{"start":{"line":18,"column":4},"end":{"line":22,"column":null}},"11":{"start":{"line":26,"column":2},"end":{"line":28,"column":null}},"12":{"start":{"line":27,"column":4},"end":{"line":27,"column":null}},"13":{"start":{"line":31,"column":2},"end":{"line":33,"column":null}},"14":{"start":{"line":32,"column":4},"end":{"line":32,"column":null}},"15":{"start":{"line":35,"column":2},"end":{"line":35,"column":null}},"16":{"start":{"line":39,"column":17},"end":{"line":39,"column":null}},"17":{"start":{"line":41,"column":2},"end":{"line":68,"column":null}},"18":{"start":{"line":46,"column":4},"end":{"line":48,"column":null}},"19":{"start":{"line":47,"column":6},"end":{"line":47,"column":null}},"20":{"start":{"line":50,"column":4},"end":{"line":67,"column":null}},"21":{"start":{"line":51,"column":6},"end":{"line":66,"column":null}},"22":{"start":{"line":54,"column":36},"end":{"line":60,"column":null}},"23":{"start":{"line":55,"column":10},"end":{"line":59,"column":null}},"24":{"start":{"line":61,"column":8},"end":{"line":63,"column":null}},"25":{"start":{"line":62,"column":10},"end":{"line":62,"column":null}},"26":{"start":{"line":65,"column":8},"end":{"line":65,"column":null}},"27":{"start":{"line":70,"column":2},"end":{"line":70,"column":null}},"28":{"start":{"line":74,"column":2},"end":{"line":74,"column":null}},"29":{"start":{"line":74,"column":28},"end":{"line":74,"column":47}},"30":{"start":{"line":78,"column":2},"end":{"line":78,"column":null}},"31":{"start":{"line":82,"column":2},"end":{"line":84,"column":null}},"32":{"start":{"line":83,"column":4},"end":{"line":83,"column":null}},"33":{"start":{"line":88,"column":16},"end":{"line":88,"column":null}},"34":{"start":{"line":90,"column":2},"end":{"line":106,"column":null}},"35":{"start":{"line":90,"column":15},"end":{"line":90,"column":16}},"36":{"start":{"line":91,"column":16},"end":{"line":91,"column":null}},"37":{"start":{"line":92,"column":22},"end":{"line":92,"column":null}},"38":{"start":{"line":94,"column":4},"end":{"line":97,"column":null}},"39":{"start":{"line":95,"column":6},"end":{"line":95,"column":null}},"40":{"start":{"line":96,"column":6},"end":{"line":96,"column":null}},"41":{"start":{"line":99,"column":4},"end":{"line":103,"column":null}},"42":{"start":{"line":100,"column":22},"end":{"line":100,"column":null}},"43":{"start":{"line":101,"column":34},"end":{"line":101,"column":null}},"44":{"start":{"line":102,"column":6},"end":{"line":102,"column":null}},"45":{"start":{"line":105,"column":4},"end":{"line":105,"column":null}},"46":{"start":{"line":110,"column":2},"end":{"line":118,"column":null}},"47":{"start":{"line":111,"column":4},"end":{"line":117,"column":null}},"48":{"start":{"line":112,"column":6},"end":{"line":112,"column":null}},"49":{"start":{"line":114,"column":6},"end":{"line":116,"column":null}},"50":{"start":{"line":115,"column":8},"end":{"line":115,"column":null}},"51":{"start":{"line":122,"column":12},"end":{"line":122,"column":null}},"52":{"start":{"line":123,"column":2},"end":{"line":123,"column":null}},"53":{"start":{"line":129,"column":2},"end":{"line":134,"column":null}},"54":{"start":{"line":132,"column":6},"end":{"line":132,"column":null}},"55":{"start":{"line":139,"column":4},"end":{"line":139,"column":null}},"56":{"start":{"line":140,"column":4},"end":{"line":140,"column":null}},"57":{"start":{"line":141,"column":4},"end":{"line":143,"column":null}},"58":{"start":{"line":142,"column":6},"end":{"line":142,"column":null}}},"fnMap":{"0":{"name":"removeBrackets","decl":{"start":{"line":1,"column":16},"end":{"line":1,"column":30}},"loc":{"start":{"line":1,"column":34},"end":{"line":3,"column":null}},"line":1},"1":{"name":"findAllBrackets","decl":{"start":{"line":5,"column":16},"end":{"line":5,"column":31}},"loc":{"start":{"line":5,"column":35},"end":{"line":36,"column":null}},"line":5},"2":{"name":"(anonymous_2)","decl":{"start":{"line":11,"column":16},"end":{"line":11,"column":17}},"loc":{"start":{"line":11,"column":27},"end":{"line":23,"column":null}},"line":11},"3":{"name":"getMriOptions","decl":{"start":{"line":38,"column":16},"end":{"line":38,"column":29}},"loc":{"start":{"line":38,"column":39},"end":{"line":71,"column":null}},"line":38},"4":{"name":"(anonymous_4)","decl":{"start":{"line":54,"column":49},"end":{"line":54,"column":50}},"loc":{"start":{"line":54,"column":59},"end":{"line":60,"column":9}},"line":54},"5":{"name":"findLongest","decl":{"start":{"line":73,"column":16},"end":{"line":73,"column":27}},"loc":{"start":{"line":73,"column":33},"end":{"line":75,"column":null}},"line":73},"6":{"name":"(anonymous_6)","decl":{"start":{"line":74,"column":18},"end":{"line":74,"column":19}},"loc":{"start":{"line":74,"column":28},"end":{"line":74,"column":47}},"line":74},"7":{"name":"padRight","decl":{"start":{"line":77,"column":16},"end":{"line":77,"column":24}},"loc":{"start":{"line":77,"column":38},"end":{"line":79,"column":null}},"line":77},"8":{"name":"camelcase","decl":{"start":{"line":81,"column":16},"end":{"line":81,"column":25}},"loc":{"start":{"line":81,"column":33},"end":{"line":85,"column":null}},"line":81},"9":{"name":"(anonymous_9)","decl":{"start":{"line":82,"column":46},"end":{"line":82,"column":47}},"loc":{"start":{"line":82,"column":61},"end":{"line":84,"column":3}},"line":82},"10":{"name":"setDotProp","decl":{"start":{"line":87,"column":16},"end":{"line":87,"column":26}},"loc":{"start":{"line":87,"column":43},"end":{"line":107,"column":null}},"line":87},"11":{"name":"setByType","decl":{"start":{"line":109,"column":16},"end":{"line":109,"column":25}},"loc":{"start":{"line":109,"column":43},"end":{"line":119,"column":null}},"line":109},"12":{"name":"getFileName","decl":{"start":{"line":121,"column":16},"end":{"line":121,"column":27}},"loc":{"start":{"line":121,"column":35},"end":{"line":124,"column":null}},"line":121},"13":{"name":"camelcaseOptionName","decl":{"start":{"line":126,"column":16},"end":{"line":126,"column":35}},"loc":{"start":{"line":126,"column":42},"end":{"line":135,"column":null}},"line":126},"14":{"name":"(anonymous_14)","decl":{"start":{"line":131,"column":9},"end":{"line":131,"column":10}},"loc":{"start":{"line":131,"column":19},"end":{"line":133,"column":5}},"line":131},"15":{"name":"constructor","decl":{"start":{"line":138,"column":2},"end":{"line":138,"column":13}},"loc":{"start":{"line":138,"column":23},"end":{"line":144,"column":null}},"line":138}},"branchMap":{"0":{"loc":{"start":{"line":14,"column":4},"end":{"line":17,"column":null}},"type":"if","locations":[{"start":{"line":14,"column":4},"end":{"line":17,"column":null}},{"start":{},"end":{}}],"line":14},"1":{"loc":{"start":{"line":46,"column":4},"end":{"line":48,"column":null}},"type":"if","locations":[{"start":{"line":46,"column":4},"end":{"line":48,"column":null}},{"start":{},"end":{}}],"line":46},"2":{"loc":{"start":{"line":50,"column":4},"end":{"line":67,"column":null}},"type":"if","locations":[{"start":{"line":50,"column":4},"end":{"line":67,"column":null}},{"start":{},"end":{}}],"line":50},"3":{"loc":{"start":{"line":51,"column":6},"end":{"line":66,"column":null}},"type":"if","locations":[{"start":{"line":51,"column":6},"end":{"line":66,"column":null}},{"start":{"line":64,"column":13},"end":{"line":66,"column":null}}],"line":51},"4":{"loc":{"start":{"line":56,"column":12},"end":{"line":58,"column":null}},"type":"binary-expr","locations":[{"start":{"line":56,"column":12},"end":{"line":56,"column":23}},{"start":{"line":57,"column":12},"end":{"line":57,"column":63}},{"start":{"line":58,"column":12},"end":{"line":58,"column":null}}],"line":56},"5":{"loc":{"start":{"line":61,"column":8},"end":{"line":63,"column":null}},"type":"if","locations":[{"start":{"line":61,"column":8},"end":{"line":63,"column":null}},{"start":{},"end":{}}],"line":61},"6":{"loc":{"start":{"line":78,"column":9},"end":{"line":78,"column":null}},"type":"cond-expr","locations":[{"start":{"line":78,"column":32},"end":{"line":78,"column":35}},{"start":{"line":78,"column":38},"end":{"line":78,"column":null}}],"line":78},"7":{"loc":{"start":{"line":94,"column":4},"end":{"line":97,"column":null}},"type":"if","locations":[{"start":{"line":94,"column":4},"end":{"line":97,"column":null}},{"start":{},"end":{}}],"line":94},"8":{"loc":{"start":{"line":99,"column":4},"end":{"line":103,"column":null}},"type":"if","locations":[{"start":{"line":99,"column":4},"end":{"line":103,"column":null}},{"start":{},"end":{}}],"line":99},"9":{"loc":{"start":{"line":102,"column":21},"end":{"line":102,"column":null}},"type":"cond-expr","locations":[{"start":{"line":102,"column":43},"end":{"line":102,"column":45}},{"start":{"line":102,"column":48},"end":{"line":102,"column":null}}],"line":102},"10":{"loc":{"start":{"line":111,"column":4},"end":{"line":117,"column":null}},"type":"if","locations":[{"start":{"line":111,"column":4},"end":{"line":117,"column":null}},{"start":{},"end":{}}],"line":111},"11":{"loc":{"start":{"line":114,"column":6},"end":{"line":116,"column":null}},"type":"if","locations":[{"start":{"line":114,"column":6},"end":{"line":116,"column":null}},{"start":{},"end":{}}],"line":114},"12":{"loc":{"start":{"line":123,"column":9},"end":{"line":123,"column":null}},"type":"cond-expr","locations":[{"start":{"line":123,"column":13},"end":{"line":123,"column":17}},{"start":{"line":123,"column":20},"end":{"line":123,"column":null}}],"line":123},"13":{"loc":{"start":{"line":132,"column":13},"end":{"line":132,"column":null}},"type":"cond-expr","locations":[{"start":{"line":132,"column":23},"end":{"line":132,"column":35}},{"start":{"line":132,"column":38},"end":{"line":132,"column":null}}],"line":132},"14":{"loc":{"start":{"line":141,"column":4},"end":{"line":143,"column":null}},"type":"if","locations":[{"start":{"line":141,"column":4},"end":{"line":143,"column":null}},{"start":{},"end":{}}],"line":141}},"s":{"0":70,"1":44,"2":44,"3":44,"4":44,"5":9,"6":9,"7":9,"8":1,"9":1,"10":9,"11":44,"12":4,"13":44,"14":5,"15":44,"16":15,"17":15,"18":19,"19":1,"20":19,"21":7,"22":5,"23":9,"24":5,"25":2,"26":2,"27":15,"28":8,"29":6,"30":11,"31":62,"32":6,"33":13,"34":13,"35":13,"36":16,"37":16,"38":16,"39":13,"40":13,"41":3,"42":3,"43":3,"44":3,"45":3,"46":13,"47":6,"48":6,"49":6,"50":2,"51":8,"52":8,"53":62,"54":65,"55":2,"56":2,"57":2,"58":0},"f":{"0":70,"1":44,"2":9,"3":15,"4":9,"5":8,"6":6,"7":11,"8":62,"9":6,"10":13,"11":13,"12":8,"13":62,"14":65,"15":2},"b":{"0":[1,8],"1":[1,18],"2":[7,12],"3":[5,2],"4":[9,7,3],"5":[2,3],"6":[7,4],"7":[13,3],"8":[3,0],"9":[0,3],"10":[6,0],"11":[2,4],"12":[8,0],"13":[62,3],"14":[0,2]},"meta":{"lastBranch":15,"lastFunction":16,"lastStatement":59,"seen":{"f:1:16:1:30":0,"s:2:2:2:Infinity":0,"f:5:16:5:31":1,"s:6:35:6:Infinity":1,"s:7:35:7:Infinity":2,"s:9:14:9:Infinity":3,"s:11:16:23:Infinity":4,"f:11:16:11:17":2,"s:12:19:12:Infinity":5,"s:13:16:13:Infinity":6,"b:14:4:17:Infinity:undefined:undefined:undefined:undefined":0,"s:14:4:17:Infinity":7,"s:15:6:15:Infinity":8,"s:16:6:16:Infinity":9,"s:18:4:22:Infinity":10,"s:26:2:28:Infinity":11,"s:27:4:27:Infinity":12,"s:31:2:33:Infinity":13,"s:32:4:32:Infinity":14,"s:35:2:35:Infinity":15,"f:38:16:38:29":3,"s:39:17:39:Infinity":16,"s:41:2:68:Infinity":17,"b:46:4:48:Infinity:undefined:undefined:undefined:undefined":1,"s:46:4:48:Infinity":18,"s:47:6:47:Infinity":19,"b:50:4:67:Infinity:undefined:undefined:undefined:undefined":2,"s:50:4:67:Infinity":20,"b:51:6:66:Infinity:64:13:66:Infinity":3,"s:51:6:66:Infinity":21,"s:54:36:60:Infinity":22,"f:54:49:54:50":4,"s:55:10:59:Infinity":23,"b:56:12:56:23:57:12:57:63:58:12:58:Infinity":4,"b:61:8:63:Infinity:undefined:undefined:undefined:undefined":5,"s:61:8:63:Infinity":24,"s:62:10:62:Infinity":25,"s:65:8:65:Infinity":26,"s:70:2:70:Infinity":27,"f:73:16:73:27":5,"s:74:2:74:Infinity":28,"f:74:18:74:19":6,"s:74:28:74:47":29,"f:77:16:77:24":7,"s:78:2:78:Infinity":30,"b:78:32:78:35:78:38:78:Infinity":6,"f:81:16:81:25":8,"s:82:2:84:Infinity":31,"f:82:46:82:47":9,"s:83:4:83:Infinity":32,"f:87:16:87:26":10,"s:88:16:88:Infinity":33,"s:90:2:106:Infinity":34,"s:90:15:90:16":35,"s:91:16:91:Infinity":36,"s:92:22:92:Infinity":37,"b:94:4:97:Infinity:undefined:undefined:undefined:undefined":7,"s:94:4:97:Infinity":38,"s:95:6:95:Infinity":39,"s:96:6:96:Infinity":40,"b:99:4:103:Infinity:undefined:undefined:undefined:undefined":8,"s:99:4:103:Infinity":41,"s:100:22:100:Infinity":42,"s:101:34:101:Infinity":43,"s:102:6:102:Infinity":44,"b:102:43:102:45:102:48:102:Infinity":9,"s:105:4:105:Infinity":45,"f:109:16:109:25":11,"s:110:2:118:Infinity":46,"b:111:4:117:Infinity:undefined:undefined:undefined:undefined":10,"s:111:4:117:Infinity":47,"s:112:6:112:Infinity":48,"b:114:6:116:Infinity:undefined:undefined:undefined:undefined":11,"s:114:6:116:Infinity":49,"s:115:8:115:Infinity":50,"f:121:16:121:27":12,"s:122:12:122:Infinity":51,"s:123:2:123:Infinity":52,"b:123:13:123:17:123:20:123:Infinity":12,"f:126:16:126:35":13,"s:129:2:134:Infinity":53,"f:131:9:131:10":14,"s:132:6:132:Infinity":54,"b:132:23:132:35:132:38:132:Infinity":13,"f:138:2:138:13":15,"s:139:4:139:Infinity":55,"s:140:4:140:Infinity":56,"b:141:4:143:Infinity:undefined:undefined:undefined:undefined":14,"s:141:4:143:Infinity":57,"s:142:6:142:Infinity":58},"fnNames":{}}}
}
